Vivado Simulator 2020.1
Copyright 1986-1999, 2001-2020 Xilinx, Inc. All Rights Reserved.
Running: D:/Xilinx/Vivado/2020.1/bin/unwrapped/win64.o/xelab.exe -wto 0f3b6086e24c4c17b0403abbfc8d8438 --incr --debug typical --relax --mt 2 -L xbip_dsp48_wrapper_v3_0_4 -L xbip_utils_v3_0_10 -L xbip_pipe_v3_0_6 -L xbip_dsp48_macro_v3_0_17 -L xil_defaultlib -L unisims_ver -L unimacro_ver -L secureip -L xpm --snapshot tb_top_behav xil_defaultlib.tb_top xil_defaultlib.glbl -log elaborate.log 
Using 2 slave threads.
Starting static elaboration
Pass Through NonSizing Optimizer
WARNING: [VRFC 10-8389] size mismatch in mixed language port association, VHDL port 'p' [E:/fpga_proj/dsp/dsp.srcs/sources_1/new/top.v:41]
Completed static elaboration
Starting simulation data flow analysis
Completed simulation data flow analysis
Time Resolution for simulation is 1ps
Compiling package std.standard
Compiling package std.textio
Compiling package ieee.std_logic_1164
Compiling package ieee.numeric_std
Compiling package xbip_utils_v3_0_10.xbip_utils_v3_0_10_pkg
Compiling package xbip_dsp48_macro_v3_0_17.xbip_dsp48_macro_v3_0_17_viv_com...
Compiling package xbip_dsp48_macro_v3_0_17.xbip_dsp48_macro_v3_0_17_pkg
Compiling package unisim.vcomponents
Compiling package ieee.vital_timing
Compiling package ieee.vital_primitives
Compiling package unisim.vpkg
Compiling architecture synth of entity xbip_pipe_v3_0_6.xbip_pipe_v3_0_6_viv [\xbip_pipe_v3_0_6_viv(c_width=18...]
Compiling architecture dsp48e2_v of entity unisim.DSP48E2 [\DSP48E2(acascreg=2,adreg=0,areg...]
Compiling architecture synth of entity xbip_dsp48_wrapper_v3_0_4.xbip_dsp48e2_wrapper_v3_0 [\xbip_dsp48e2_wrapper_v3_0(areg=...]
Compiling architecture synth of entity xbip_pipe_v3_0_6.xbip_pipe_v3_0_6_viv [\xbip_pipe_v3_0_6_viv(c_latency=...]
Compiling architecture synth of entity xbip_pipe_v3_0_6.xbip_pipe_v3_0_6_viv [\xbip_pipe_v3_0_6_viv(c_width=24...]
Compiling architecture synth of entity xbip_pipe_v3_0_6.xbip_pipe_v3_0_6_viv [\xbip_pipe_v3_0_6_viv(c_latency=...]
Compiling architecture synth of entity xbip_pipe_v3_0_6.xbip_pipe_v3_0_6_viv [\xbip_pipe_v3_0_6_viv(1,1)(1,1)\]
Compiling architecture synth of entity xbip_pipe_v3_0_6.xbip_pipe_v3_0_6_viv [\xbip_pipe_v3_0_6_viv(c_latency=...]
Compiling architecture synth of entity xbip_dsp48_macro_v3_0_17.xbip_dsp48_macro_synth [\xbip_dsp48_macro_synth(c_xdevic...]
Compiling architecture synth of entity xbip_dsp48_macro_v3_0_17.xbip_dsp48_macro_v3_0_17_viv [\xbip_dsp48_macro_v3_0_17_viv(c_...]
Compiling architecture xilinx of entity xbip_dsp48_macro_v3_0_17.xbip_dsp48_macro_v3_0_17 [\xbip_dsp48_macro_v3_0_17(c_xdev...]
Compiling architecture xbip_dsp48_macro_0_arch of entity xil_defaultlib.xbip_dsp48_macro_0 [xbip_dsp48_macro_0_default]
Compiling architecture synth of entity xbip_pipe_v3_0_6.xbip_pipe_v3_0_6_viv [\xbip_pipe_v3_0_6_viv(c_width=48...]
Compiling architecture synth of entity xbip_dsp48_macro_v3_0_17.xbip_dsp48_macro_synth [\xbip_dsp48_macro_synth(c_xdevic...]
Compiling architecture synth of entity xbip_dsp48_macro_v3_0_17.xbip_dsp48_macro_v3_0_17_viv [\xbip_dsp48_macro_v3_0_17_viv(c_...]
Compiling architecture xilinx of entity xbip_dsp48_macro_v3_0_17.xbip_dsp48_macro_v3_0_17 [\xbip_dsp48_macro_v3_0_17(c_xdev...]
Compiling architecture xbip_dsp48_macro_1_arch of entity xil_defaultlib.xbip_dsp48_macro_1 [xbip_dsp48_macro_1_default]
Compiling module xil_defaultlib.top
Compiling module xil_defaultlib.tb_top
Compiling module xil_defaultlib.glbl
Built simulation snapshot tb_top_behav
