INFO: [VRFC 10-2263] Analyzing Verilog file "E:/FPGA_DEMO/zedboard/hdmi_adv7511/hdmi.ip_user_files/ipstatic/IPSRC/sccb_control.v" into library xil_defaultlib
INFO: [VRFC 10-311] analyzing module sccb_control
WARNING: [VRFC 10-3380] identifier 'sccb_sclk_reg' is used before its declaration [E:/FPGA_DEMO/zedboard/hdmi_adv7511/hdmi.ip_user_files/ipstatic/IPSRC/sccb_control.v:59]
WARNING: [VRFC 10-3380] identifier 'sccb_data_reg' is used before its declaration [E:/FPGA_DEMO/zedboard/hdmi_adv7511/hdmi.ip_user_files/ipstatic/IPSRC/sccb_control.v:60]
WARNING: [VRFC 10-3380] identifier 'wr_ack_1' is used before its declaration [E:/FPGA_DEMO/zedboard/hdmi_adv7511/hdmi.ip_user_files/ipstatic/IPSRC/sccb_control.v:61]
WARNING: [VRFC 10-3380] identifier 'wr_ack_2' is used before its declaration [E:/FPGA_DEMO/zedboard/hdmi_adv7511/hdmi.ip_user_files/ipstatic/IPSRC/sccb_control.v:62]
WARNING: [VRFC 10-3380] identifier 'wr_ack_3' is used before its declaration [E:/FPGA_DEMO/zedboard/hdmi_adv7511/hdmi.ip_user_files/ipstatic/IPSRC/sccb_control.v:63]
WARNING: [VRFC 10-3380] identifier 'sccb_data_reg' is used before its declaration [E:/FPGA_DEMO/zedboard/hdmi_adv7511/hdmi.ip_user_files/ipstatic/IPSRC/sccb_control.v:66]
WARNING: [VRFC 10-3380] identifier 'sccb_sclk_reg' is used before its declaration [E:/FPGA_DEMO/zedboard/hdmi_adv7511/hdmi.ip_user_files/ipstatic/IPSRC/sccb_control.v:67]
WARNING: [VRFC 10-3380] identifier 'sccb_data_reg' is used before its declaration [E:/FPGA_DEMO/zedboard/hdmi_adv7511/hdmi.ip_user_files/ipstatic/IPSRC/sccb_control.v:69]
WARNING: [VRFC 10-3380] identifier 'sccb_data_reg' is used before its declaration [E:/FPGA_DEMO/zedboard/hdmi_adv7511/hdmi.ip_user_files/ipstatic/IPSRC/sccb_control.v:70]
WARNING: [VRFC 10-3380] identifier 'sccb_data_reg' is used before its declaration [E:/FPGA_DEMO/zedboard/hdmi_adv7511/hdmi.ip_user_files/ipstatic/IPSRC/sccb_control.v:71]
WARNING: [VRFC 10-3380] identifier 'sccb_data_reg' is used before its declaration [E:/FPGA_DEMO/zedboard/hdmi_adv7511/hdmi.ip_user_files/ipstatic/IPSRC/sccb_control.v:72]
WARNING: [VRFC 10-3380] identifier 'sccb_data_reg' is used before its declaration [E:/FPGA_DEMO/zedboard/hdmi_adv7511/hdmi.ip_user_files/ipstatic/IPSRC/sccb_control.v:73]
WARNING: [VRFC 10-3380] identifier 'sccb_data_reg' is used before its declaration [E:/FPGA_DEMO/zedboard/hdmi_adv7511/hdmi.ip_user_files/ipstatic/IPSRC/sccb_control.v:74]
WARNING: [VRFC 10-3380] identifier 'sccb_data_reg' is used before its declaration [E:/FPGA_DEMO/zedboard/hdmi_adv7511/hdmi.ip_user_files/ipstatic/IPSRC/sccb_control.v:75]
WARNING: [VRFC 10-3380] identifier 'sccb_data_reg' is used before its declaration [E:/FPGA_DEMO/zedboard/hdmi_adv7511/hdmi.ip_user_files/ipstatic/IPSRC/sccb_control.v:76]
WARNING: [VRFC 10-3380] identifier 'sccb_data_reg' is used before its declaration [E:/FPGA_DEMO/zedboard/hdmi_adv7511/hdmi.ip_user_files/ipstatic/IPSRC/sccb_control.v:77]
WARNING: [VRFC 10-3380] identifier 'wr_ack_1' is used before its declaration [E:/FPGA_DEMO/zedboard/hdmi_adv7511/hdmi.ip_user_files/ipstatic/IPSRC/sccb_control.v:79]
WARNING: [VRFC 10-3380] identifier 'sccb_data_reg' is used before its declaration [E:/FPGA_DEMO/zedboard/hdmi_adv7511/hdmi.ip_user_files/ipstatic/IPSRC/sccb_control.v:80]
WARNING: [VRFC 10-3380] identifier 'sccb_data_reg' is used before its declaration [E:/FPGA_DEMO/zedboard/hdmi_adv7511/hdmi.ip_user_files/ipstatic/IPSRC/sccb_control.v:82]
WARNING: [VRFC 10-3380] identifier 'sccb_data_reg' is used before its declaration [E:/FPGA_DEMO/zedboard/hdmi_adv7511/hdmi.ip_user_files/ipstatic/IPSRC/sccb_control.v:83]
WARNING: [VRFC 10-3380] identifier 'sccb_data_reg' is used before its declaration [E:/FPGA_DEMO/zedboard/hdmi_adv7511/hdmi.ip_user_files/ipstatic/IPSRC/sccb_control.v:84]
WARNING: [VRFC 10-3380] identifier 'sccb_data_reg' is used before its declaration [E:/FPGA_DEMO/zedboard/hdmi_adv7511/hdmi.ip_user_files/ipstatic/IPSRC/sccb_control.v:85]
WARNING: [VRFC 10-3380] identifier 'sccb_data_reg' is used before its declaration [E:/FPGA_DEMO/zedboard/hdmi_adv7511/hdmi.ip_user_files/ipstatic/IPSRC/sccb_control.v:86]
WARNING: [VRFC 10-3380] identifier 'sccb_data_reg' is used before its declaration [E:/FPGA_DEMO/zedboard/hdmi_adv7511/hdmi.ip_user_files/ipstatic/IPSRC/sccb_control.v:87]
WARNING: [VRFC 10-3380] identifier 'sccb_data_reg' is used before its declaration [E:/FPGA_DEMO/zedboard/hdmi_adv7511/hdmi.ip_user_files/ipstatic/IPSRC/sccb_control.v:88]
WARNING: [VRFC 10-3380] identifier 'sccb_data_reg' is used before its declaration [E:/FPGA_DEMO/zedboard/hdmi_adv7511/hdmi.ip_user_files/ipstatic/IPSRC/sccb_control.v:89]
WARNING: [VRFC 10-3380] identifier 'sccb_data_reg' is used before its declaration [E:/FPGA_DEMO/zedboard/hdmi_adv7511/hdmi.ip_user_files/ipstatic/IPSRC/sccb_control.v:90]
WARNING: [VRFC 10-3380] identifier 'wr_ack_2' is used before its declaration [E:/FPGA_DEMO/zedboard/hdmi_adv7511/hdmi.ip_user_files/ipstatic/IPSRC/sccb_control.v:92]
WARNING: [VRFC 10-3380] identifier 'sccb_data_reg' is used before its declaration [E:/FPGA_DEMO/zedboard/hdmi_adv7511/hdmi.ip_user_files/ipstatic/IPSRC/sccb_control.v:93]
WARNING: [VRFC 10-3380] identifier 'sccb_data_reg' is used before its declaration [E:/FPGA_DEMO/zedboard/hdmi_adv7511/hdmi.ip_user_files/ipstatic/IPSRC/sccb_control.v:95]
WARNING: [VRFC 10-3380] identifier 'sccb_data_reg' is used before its declaration [E:/FPGA_DEMO/zedboard/hdmi_adv7511/hdmi.ip_user_files/ipstatic/IPSRC/sccb_control.v:96]
WARNING: [VRFC 10-3380] identifier 'sccb_data_reg' is used before its declaration [E:/FPGA_DEMO/zedboard/hdmi_adv7511/hdmi.ip_user_files/ipstatic/IPSRC/sccb_control.v:97]
WARNING: [VRFC 10-3380] identifier 'sccb_data_reg' is used before its declaration [E:/FPGA_DEMO/zedboard/hdmi_adv7511/hdmi.ip_user_files/ipstatic/IPSRC/sccb_control.v:98]
WARNING: [VRFC 10-3380] identifier 'sccb_data_reg' is used before its declaration [E:/FPGA_DEMO/zedboard/hdmi_adv7511/hdmi.ip_user_files/ipstatic/IPSRC/sccb_control.v:99]
WARNING: [VRFC 10-3380] identifier 'sccb_data_reg' is used before its declaration [E:/FPGA_DEMO/zedboard/hdmi_adv7511/hdmi.ip_user_files/ipstatic/IPSRC/sccb_control.v:100]
WARNING: [VRFC 10-3380] identifier 'sccb_data_reg' is used before its declaration [E:/FPGA_DEMO/zedboard/hdmi_adv7511/hdmi.ip_user_files/ipstatic/IPSRC/sccb_control.v:101]
WARNING: [VRFC 10-3380] identifier 'sccb_data_reg' is used before its declaration [E:/FPGA_DEMO/zedboard/hdmi_adv7511/hdmi.ip_user_files/ipstatic/IPSRC/sccb_control.v:102]
WARNING: [VRFC 10-3380] identifier 'sccb_data_reg' is used before its declaration [E:/FPGA_DEMO/zedboard/hdmi_adv7511/hdmi.ip_user_files/ipstatic/IPSRC/sccb_control.v:103]
WARNING: [VRFC 10-3380] identifier 'wr_ack_3' is used before its declaration [E:/FPGA_DEMO/zedboard/hdmi_adv7511/hdmi.ip_user_files/ipstatic/IPSRC/sccb_control.v:106]
WARNING: [VRFC 10-3380] identifier 'sccb_data_reg' is used before its declaration [E:/FPGA_DEMO/zedboard/hdmi_adv7511/hdmi.ip_user_files/ipstatic/IPSRC/sccb_control.v:107]
WARNING: [VRFC 10-3380] identifier 'sccb_data_reg' is used before its declaration [E:/FPGA_DEMO/zedboard/hdmi_adv7511/hdmi.ip_user_files/ipstatic/IPSRC/sccb_control.v:110]
WARNING: [VRFC 10-3380] identifier 'sccb_sclk_reg' is used before its declaration [E:/FPGA_DEMO/zedboard/hdmi_adv7511/hdmi.ip_user_files/ipstatic/IPSRC/sccb_control.v:111]
WARNING: [VRFC 10-3380] identifier 'sccb_sclk_reg' is used before its declaration [E:/FPGA_DEMO/zedboard/hdmi_adv7511/hdmi.ip_user_files/ipstatic/IPSRC/sccb_control.v:113]
WARNING: [VRFC 10-3380] identifier 'sccb_data_reg' is used before its declaration [E:/FPGA_DEMO/zedboard/hdmi_adv7511/hdmi.ip_user_files/ipstatic/IPSRC/sccb_control.v:115]
WARNING: [VRFC 10-3380] identifier 'sccb_sclk_reg' is used before its declaration [E:/FPGA_DEMO/zedboard/hdmi_adv7511/hdmi.ip_user_files/ipstatic/IPSRC/sccb_control.v:118]
WARNING: [VRFC 10-3380] identifier 'sccb_sclk_reg' is used before its declaration [E:/FPGA_DEMO/zedboard/hdmi_adv7511/hdmi.ip_user_files/ipstatic/IPSRC/sccb_control.v:122]
WARNING: [VRFC 10-3380] identifier 'sccb_data_reg' is used before its declaration [E:/FPGA_DEMO/zedboard/hdmi_adv7511/hdmi.ip_user_files/ipstatic/IPSRC/sccb_control.v:123]
INFO: [VRFC 10-2263] Analyzing Verilog file "E:/FPGA_DEMO/zedboard/hdmi_adv7511/hdmi.ip_user_files/ipstatic/IPSRC/I2C_OV7670_RGB565_Config.v" into library xil_defaultlib
INFO: [VRFC 10-311] analyzing module I2C_OV7670_RGB565_Config
INFO: [VRFC 10-2263] Analyzing Verilog file "E:/FPGA_DEMO/zedboard/hdmi_adv7511/hdmi.ip_user_files/ipstatic/IPSRC/hdmi_ddr_output.v" into library xil_defaultlib
INFO: [VRFC 10-311] analyzing module hdmi_ddr_output
INFO: [VRFC 10-2263] Analyzing Verilog file "E:/FPGA_DEMO/zedboard/hdmi_adv7511/hdmi.ip_user_files/ipstatic/IPSRC/convert_444_422.v" into library xil_defaultlib
INFO: [VRFC 10-311] analyzing module convert_444_422
INFO: [VRFC 10-2263] Analyzing Verilog file "E:/FPGA_DEMO/zedboard/hdmi_adv7511/hdmi.ip_user_files/ipstatic/IPSRC/colour_space_conversion.v" into library xil_defaultlib
INFO: [VRFC 10-311] analyzing module colour_space_conversion
INFO: [VRFC 10-2263] Analyzing Verilog file "E:/FPGA_DEMO/zedboard/hdmi_adv7511/hdmi.ip_user_files/ipstatic/IPSRC/sccb.v" into library xil_defaultlib
INFO: [VRFC 10-311] analyzing module sccb
INFO: [VRFC 10-2263] Analyzing Verilog file "E:/FPGA_DEMO/zedboard/hdmi_adv7511/hdmi.ip_user_files/ipstatic/IPSRC/hdmi_display.v" into library xil_defaultlib
INFO: [VRFC 10-311] analyzing module hdmi_display
INFO: [VRFC 10-2263] Analyzing Verilog file "E:/FPGA_DEMO/zedboard/hdmi_adv7511/hdmi.srcs/sources_1/ip/hdmi_display_0/sim/hdmi_display_0.v" into library xil_defaultlib
INFO: [VRFC 10-311] analyzing module hdmi_display_0
INFO: [VRFC 10-2263] Analyzing Verilog file "E:/FPGA_DEMO/zedboard/hdmi_adv7511/hdmi.srcs/sources_1/ip/clk_wiz_0/clk_wiz_0_clk_wiz.v" into library xil_defaultlib
INFO: [VRFC 10-311] analyzing module clk_wiz_0_clk_wiz
INFO: [VRFC 10-2263] Analyzing Verilog file "E:/FPGA_DEMO/zedboard/hdmi_adv7511/hdmi.srcs/sources_1/ip/clk_wiz_0/clk_wiz_0.v" into library xil_defaultlib
INFO: [VRFC 10-311] analyzing module clk_wiz_0
INFO: [VRFC 10-2263] Analyzing Verilog file "E:/FPGA_DEMO/zedboard/hdmi_adv7511/hdmi.srcs/sources_1/new/create_color.v" into library xil_defaultlib
INFO: [VRFC 10-311] analyzing module create_color
INFO: [VRFC 10-2263] Analyzing Verilog file "E:/FPGA_DEMO/zedboard/hdmi_adv7511/hdmi.srcs/sources_1/new/top.v" into library xil_defaultlib
INFO: [VRFC 10-311] analyzing module top
INFO: [VRFC 10-2263] Analyzing Verilog file "E:/FPGA_DEMO/zedboard/hdmi_adv7511/hdmi.srcs/sim_1/new/tb_top.v" into library xil_defaultlib
INFO: [VRFC 10-311] analyzing module tb_top
