21:40:40 **** Incremental Build of configuration Debug for project vdma_1 ****
make all 
make --no-print-directory pre-build
a9-linaro-pre-build-step
' '
make --no-print-directory main-build
'Building file: ../src/vdma.c'
'Invoking: ARM v7 gcc compiler'
arm-none-eabi-gcc -Wall -O0 -g3 -c -fmessage-length=0 -MT"src/vdma.o" -mcpu=cortex-a9 -mfpu=vfpv3 -mfloat-abi=hard -IE:/FPGA_DEMO/zedboard/hdmi_vdma/vitis/hdmi/export/hdmi/sw/hdmi/standalone_domain/bspinclude/include -MMD -MP -MF"src/vdma.d" -MT"src/vdma.o" -o "src/vdma.o" "../src/vdma.c"
../src/vdma.c:29:10: fatal error: xintc.h: No such file or directory
   29 | #include "xintc.h"
      |          ^~~~~~~~~
compilation terminated.
'Finished building: ../src/vdma.c'
' '
'Building file: ../src/vdma_api.c'
'Invoking: ARM v7 gcc compiler'
arm-none-eabi-gcc -Wall -O0 -g3 -c -fmessage-length=0 -MT"src/vdma_api.o" -mcpu=cortex-a9 -mfpu=vfpv3 -mfloat-abi=hard -IE:/FPGA_DEMO/zedboard/hdmi_vdma/vitis/hdmi/export/hdmi/sw/hdmi/standalone_domain/bspinclude/include -MMD -MP -MF"src/vdma_api.d" -MT"src/vdma_api.o" -o "src/vdma_api.o" "../src/vdma_api.c"
'Finished building: ../src/vdma_api.c'
' '
'Building target: vdma_1.elf'
'Invoking: ARM v7 gcc linker'
arm-none-eabi-gcc -mcpu=cortex-a9 -mfpu=vfpv3 -mfloat-abi=hard -Wl,-build-id=none -specs=Xilinx.spec -Wl,-T -Wl,../src/lscript.ld -LE:/FPGA_DEMO/zedboard/hdmi_vdma/vitis/hdmi/export/hdmi/sw/hdmi/standalone_domain/bsplib/lib -o "vdma_1.elf"  ./src/vdma.o ./src/vdma_api.o   -Wl,--start-group,-lxil,-lgcc,-lc,--end-group
arm-xilinx-eabi-gcc.exe: error: ./src/vdma.o: No such file or directory
'Finished building target: vdma_1.elf'
' '
'Invoking: ARM v7 Print Size'
arm-none-eabi-size vdma_1.elf  |tee "vdma_1.elf.size"
arm-none-eabi-size: 'vdma_1.elf': No such file
'Finished building: vdma_1.elf.size'
' '

21:40:41 Build Finished (took 769ms)

